[0.012s] Invoking command in '/home/andrew/ros2_dev_ws/src/uwrt_software_training/build/software_training_assignment': CMAKE_PREFIX_PATH=/opt/ros/foxy /usr/bin/cmake /home/andrew/ros2_dev_ws/src/uwrt_software_training -DCMAKE_INSTALL_PREFIX=/home/andrew/ros2_dev_ws/src/uwrt_software_training/install/software_training_assignment
[0.157s] -- The C compiler identification is GNU 9.4.0
[0.239s] -- The CXX compiler identification is GNU 9.4.0
[0.247s] -- Check for working C compiler: /usr/bin/cc
[0.315s] -- Check for working C compiler: /usr/bin/cc -- works
[0.318s] -- Detecting C compiler ABI info
[0.380s] -- Detecting C compiler ABI info - done
[0.392s] -- Detecting C compile features
[0.392s] -- Detecting C compile features - done
[0.395s] -- Check for working CXX compiler: /usr/bin/c++
[0.463s] -- Check for working CXX compiler: /usr/bin/c++ -- works
[0.464s] -- Detecting CXX compiler ABI info
[0.540s] -- Detecting CXX compiler ABI info - done
[0.549s] -- Detecting CXX compile features
[0.549s] -- Detecting CXX compile features - done
[0.554s] -- Found ament_cmake: 0.9.9 (/opt/ros/foxy/share/ament_cmake/cmake)
[0.581s] -- Found PythonInterp: /usr/bin/python3 (found suitable version "3.8.10", minimum required is "3") 
[0.581s] -- Using PYTHON_EXECUTABLE: /usr/bin/python3
[0.743s] -- Found rclcpp: 2.4.1 (/opt/ros/foxy/share/rclcpp/cmake)
[0.796s] -- Using all available rosidl_typesupport_c: rosidl_typesupport_fastrtps_c;rosidl_typesupport_introspection_c
[0.804s] -- Found rosidl_adapter: 1.2.1 (/opt/ros/foxy/share/rosidl_adapter/cmake)
[0.887s] -- Found OpenSSL: /usr/lib/x86_64-linux-gnu/libcrypto.so (found version "1.1.1f")  
[0.911s] -- Found FastRTPS: /opt/ros/foxy/include  
[0.988s] -- Using all available rosidl_typesupport_cpp: rosidl_typesupport_fastrtps_cpp;rosidl_typesupport_introspection_cpp
[1.050s] -- Found rmw_implementation_cmake: 1.0.3 (/opt/ros/foxy/share/rmw_implementation_cmake/cmake)
[1.052s] -- Using RMW implementation 'rmw_fastrtps_cpp' as default
[1.054s] -- Looking for pthread.h
[1.118s] -- Looking for pthread.h - found
[1.118s] -- Performing Test CMAKE_HAVE_LIBC_PTHREAD
[1.189s] -- Performing Test CMAKE_HAVE_LIBC_PTHREAD - Failed
[1.190s] -- Looking for pthread_create in pthreads
[1.250s] -- Looking for pthread_create in pthreads - not found
[1.250s] -- Looking for pthread_create in pthread
[1.315s] -- Looking for pthread_create in pthread - found
[1.316s] -- Found Threads: TRUE  
[1.456s] CMake Error at CMakeLists.txt:30 (find_package):
[1.456s]   find_package called with invalid argument "rosidl_default_generators"
[1.456s] 
[1.456s] 
[1.477s] -- Found PythonInterp: /usr/bin/python3 (found version "3.8.10") 
[1.628s] -- Found ament_cmake_ros: 0.9.2 (/opt/ros/foxy/share/ament_cmake_ros/cmake)
[1.748s] -- Using all available rosidl_typesupport_c: rosidl_typesupport_fastrtps_c;rosidl_typesupport_introspection_c
[1.769s] -- Using all available rosidl_typesupport_cpp: rosidl_typesupport_fastrtps_cpp;rosidl_typesupport_introspection_cpp
[1.772s] CMake Error at CMakeLists.txt:40 (ament_lint_auto_find_test_dependencies):
[1.772s]   Unknown CMake command "ament_lint_auto_find_test_dependencies".
[1.772s] 
[1.772s] 
[1.773s] -- Configuring incomplete, errors occurred!
[1.774s] See also "/home/andrew/ros2_dev_ws/src/uwrt_software_training/build/software_training_assignment/CMakeFiles/CMakeOutput.log".
[1.774s] See also "/home/andrew/ros2_dev_ws/src/uwrt_software_training/build/software_training_assignment/CMakeFiles/CMakeError.log".
[1.779s] Invoked command in '/home/andrew/ros2_dev_ws/src/uwrt_software_training/build/software_training_assignment' returned '1': CMAKE_PREFIX_PATH=/opt/ros/foxy /usr/bin/cmake /home/andrew/ros2_dev_ws/src/uwrt_software_training -DCMAKE_INSTALL_PREFIX=/home/andrew/ros2_dev_ws/src/uwrt_software_training/install/software_training_assignment
