[0.109s] DEBUG:colcon:Command line arguments: ['/usr/bin/colcon', 'build']
[0.109s] DEBUG:colcon:Parsed command line arguments: Namespace(allow_overriding=[], ament_cmake_args=None, base_paths=['.'], build_base='build', catkin_cmake_args=None, catkin_skip_building_tests=False, cmake_args=None, cmake_clean_cache=False, cmake_clean_first=False, cmake_force_configure=False, cmake_target=None, cmake_target_skip_unavailable=False, continue_on_error=False, event_handlers=None, executor='parallel', ignore_user_meta=False, install_base='install', log_base=None, log_level=None, main=<bound method BuildVerb.main of <colcon_core.verb.build.BuildVerb object at 0x7f70cfb24640>>, merge_install=False, metas=['./colcon.meta'], packages_above=None, packages_above_and_dependencies=None, packages_above_depth=None, packages_end=None, packages_ignore=None, packages_ignore_regex=None, packages_select=None, packages_select_build_failed=False, packages_select_by_dep=None, packages_select_regex=None, packages_select_test_failures=False, packages_skip=None, packages_skip_build_finished=False, packages_skip_by_dep=None, packages_skip_regex=None, packages_skip_test_passed=False, packages_skip_up_to=None, packages_start=None, packages_up_to=None, packages_up_to_regex=None, parallel_workers=12, paths=None, symlink_install=False, test_result_base=None, verb_extension=<colcon_core.verb.build.BuildVerb object at 0x7f70cfb24640>, verb_name='build', verb_parser=<colcon_defaults.argument_parser.defaults.DefaultArgumentsDecorator object at 0x7f70cfb24b80>)
[0.128s] Level 1:colcon.colcon_core.package_discovery:discover_packages(colcon_meta) check parameters
[0.128s] Level 1:colcon.colcon_core.package_discovery:discover_packages(recursive) check parameters
[0.128s] Level 1:colcon.colcon_core.package_discovery:discover_packages(ignore) check parameters
[0.128s] Level 1:colcon.colcon_core.package_discovery:discover_packages(path) check parameters
[0.128s] Level 1:colcon.colcon_core.package_discovery:discover_packages(colcon_meta) discover
[0.128s] Level 1:colcon.colcon_core.package_discovery:discover_packages(recursive) discover
[0.128s] INFO:colcon.colcon_core.package_discovery:Crawling recursively for packages in '/home/andrew/ros2_dev_ws/src/uwrt_software_training'
[0.128s] Level 1:colcon.colcon_core.package_identification:_identify(.) by extensions ['ignore', 'ignore_ament_install']
[0.128s] Level 1:colcon.colcon_core.package_identification:_identify(.) by extension 'ignore'
[0.128s] Level 1:colcon.colcon_core.package_identification:_identify(.) by extension 'ignore_ament_install'
[0.128s] Level 1:colcon.colcon_core.package_identification:_identify(.) by extensions ['colcon_pkg']
[0.128s] Level 1:colcon.colcon_core.package_identification:_identify(.) by extension 'colcon_pkg'
[0.128s] Level 1:colcon.colcon_core.package_identification:_identify(.) by extensions ['colcon_meta']
[0.128s] Level 1:colcon.colcon_core.package_identification:_identify(.) by extension 'colcon_meta'
[0.128s] Level 1:colcon.colcon_core.package_identification:_identify(.) by extensions ['ros']
[0.128s] Level 1:colcon.colcon_core.package_identification:_identify(.) by extension 'ros'
[0.138s] DEBUG:colcon.colcon_core.package_identification:Package '.' with type 'ros.ament_cmake' and name 'software_training_assignment'
[0.138s] Level 1:colcon.colcon_core.package_discovery:discover_packages(recursive) using defaults
[0.138s] Level 1:colcon.colcon_core.package_discovery:discover_packages(ignore) discover
[0.138s] Level 1:colcon.colcon_core.package_discovery:discover_packages(ignore) using defaults
[0.138s] Level 1:colcon.colcon_core.package_discovery:discover_packages(path) discover
[0.138s] Level 1:colcon.colcon_core.package_discovery:discover_packages(path) using defaults
[0.149s] Level 1:colcon.colcon_core.package_discovery:discover_packages(prefix_path) check parameters
[0.150s] Level 1:colcon.colcon_core.package_discovery:discover_packages(prefix_path) discover
[0.152s] DEBUG:colcon.colcon_installed_package_information.package_discovery:Found 263 installed packages in /opt/ros/foxy
[0.153s] Level 1:colcon.colcon_core.package_discovery:discover_packages(prefix_path) using defaults
[0.222s] Level 5:colcon.colcon_core.verb:set package 'software_training_assignment' build argument 'cmake_args' from command line to 'None'
[0.222s] Level 5:colcon.colcon_core.verb:set package 'software_training_assignment' build argument 'cmake_target' from command line to 'None'
[0.222s] Level 5:colcon.colcon_core.verb:set package 'software_training_assignment' build argument 'cmake_target_skip_unavailable' from command line to 'False'
[0.222s] Level 5:colcon.colcon_core.verb:set package 'software_training_assignment' build argument 'cmake_clean_cache' from command line to 'False'
[0.222s] Level 5:colcon.colcon_core.verb:set package 'software_training_assignment' build argument 'cmake_clean_first' from command line to 'False'
[0.222s] Level 5:colcon.colcon_core.verb:set package 'software_training_assignment' build argument 'cmake_force_configure' from command line to 'False'
[0.222s] Level 5:colcon.colcon_core.verb:set package 'software_training_assignment' build argument 'ament_cmake_args' from command line to 'None'
[0.222s] Level 5:colcon.colcon_core.verb:set package 'software_training_assignment' build argument 'catkin_cmake_args' from command line to 'None'
[0.222s] Level 5:colcon.colcon_core.verb:set package 'software_training_assignment' build argument 'catkin_skip_building_tests' from command line to 'False'
[0.222s] DEBUG:colcon.colcon_core.verb:Building package 'software_training_assignment' with the following arguments: {'ament_cmake_args': None, 'build_base': '/home/andrew/ros2_dev_ws/src/uwrt_software_training/build/software_training_assignment', 'catkin_cmake_args': None, 'catkin_skip_building_tests': False, 'cmake_args': None, 'cmake_clean_cache': False, 'cmake_clean_first': False, 'cmake_force_configure': False, 'cmake_target': None, 'cmake_target_skip_unavailable': False, 'install_base': '/home/andrew/ros2_dev_ws/src/uwrt_software_training/install/software_training_assignment', 'merge_install': False, 'path': '/home/andrew/ros2_dev_ws/src/uwrt_software_training', 'symlink_install': False, 'test_result_base': None}
[0.222s] INFO:colcon.colcon_core.executor:Executing jobs using 'parallel' executor
[0.224s] DEBUG:colcon.colcon_parallel_executor.executor.parallel:run_until_complete
[0.224s] INFO:colcon.colcon_ros.task.ament_cmake.build:Building ROS package in '/home/andrew/ros2_dev_ws/src/uwrt_software_training' with build type 'ament_cmake'
[0.224s] INFO:colcon.colcon_cmake.task.cmake.build:Building CMake package in '/home/andrew/ros2_dev_ws/src/uwrt_software_training'
[0.228s] INFO:colcon.colcon_core.plugin_system:Skipping extension 'colcon_core.shell.bat': Not used on non-Windows systems
[0.228s] INFO:colcon.colcon_core.shell:Skip shell extension 'powershell' for command environment: Not usable outside of PowerShell
[0.228s] DEBUG:colcon.colcon_core.shell:Skip shell extension 'dsv' for command environment
[0.237s] DEBUG:colcon.colcon_core.event_handler.log_command:Invoking command in '/home/andrew/ros2_dev_ws/src/uwrt_software_training/build/software_training_assignment': CMAKE_PREFIX_PATH=/opt/ros/foxy /usr/bin/cmake /home/andrew/ros2_dev_ws/src/uwrt_software_training -DCMAKE_INSTALL_PREFIX=/home/andrew/ros2_dev_ws/src/uwrt_software_training/install/software_training_assignment
[2.004s] DEBUG:colcon.colcon_core.event_handler.log_command:Invoked command in '/home/andrew/ros2_dev_ws/src/uwrt_software_training/build/software_training_assignment' returned '1': CMAKE_PREFIX_PATH=/opt/ros/foxy /usr/bin/cmake /home/andrew/ros2_dev_ws/src/uwrt_software_training -DCMAKE_INSTALL_PREFIX=/home/andrew/ros2_dev_ws/src/uwrt_software_training/install/software_training_assignment
[2.018s] Level 1:colcon.colcon_core.environment:create_environment_scripts_only(software_training_assignment)
[2.026s] Level 1:colcon.colcon_core.environment:checking '/home/andrew/ros2_dev_ws/src/uwrt_software_training/install/software_training_assignment' for CMake module files
[2.027s] Level 1:colcon.colcon_core.environment:checking '/home/andrew/ros2_dev_ws/src/uwrt_software_training/install/software_training_assignment' for CMake config files
[2.027s] Level 1:colcon.colcon_core.environment:checking '/home/andrew/ros2_dev_ws/src/uwrt_software_training/install/software_training_assignment/bin'
[2.027s] Level 1:colcon.colcon_core.environment:checking '/home/andrew/ros2_dev_ws/src/uwrt_software_training/install/software_training_assignment/lib/pkgconfig/software_training_assignment.pc'
[2.027s] Level 1:colcon.colcon_core.environment:checking '/home/andrew/ros2_dev_ws/src/uwrt_software_training/install/software_training_assignment/lib/python3.8/site-packages'
[2.028s] Level 1:colcon.colcon_core.environment:checking '/home/andrew/ros2_dev_ws/src/uwrt_software_training/install/software_training_assignment/bin'
[2.028s] INFO:colcon.colcon_core.shell:Creating package script '/home/andrew/ros2_dev_ws/src/uwrt_software_training/install/software_training_assignment/share/software_training_assignment/package.ps1'
[2.029s] INFO:colcon.colcon_core.shell:Creating package descriptor '/home/andrew/ros2_dev_ws/src/uwrt_software_training/install/software_training_assignment/share/software_training_assignment/package.dsv'
[2.030s] INFO:colcon.colcon_core.shell:Creating package script '/home/andrew/ros2_dev_ws/src/uwrt_software_training/install/software_training_assignment/share/software_training_assignment/package.sh'
[2.030s] INFO:colcon.colcon_core.shell:Creating package script '/home/andrew/ros2_dev_ws/src/uwrt_software_training/install/software_training_assignment/share/software_training_assignment/package.bash'
[2.031s] INFO:colcon.colcon_core.shell:Creating package script '/home/andrew/ros2_dev_ws/src/uwrt_software_training/install/software_training_assignment/share/software_training_assignment/package.zsh'
[2.032s] Level 1:colcon.colcon_core.environment:create_file_with_runtime_dependencies(/home/andrew/ros2_dev_ws/src/uwrt_software_training/install/software_training_assignment/share/colcon-core/packages/software_training_assignment)
[2.033s] DEBUG:colcon.colcon_parallel_executor.executor.parallel:closing loop
[2.033s] DEBUG:colcon.colcon_parallel_executor.executor.parallel:loop closed
[2.033s] DEBUG:colcon.colcon_parallel_executor.executor.parallel:run_until_complete finished with '1'
[2.033s] DEBUG:colcon.colcon_core.event_reactor:joining thread
[2.040s] INFO:colcon.colcon_core.plugin_system:Skipping extension 'colcon_notification.desktop_notification.terminal_notifier': Not used on non-Darwin systems
[2.040s] INFO:colcon.colcon_core.plugin_system:Skipping extension 'colcon_notification.desktop_notification.win32': Not used on non-Windows systems
[2.040s] INFO:colcon.colcon_notification.desktop_notification:Sending desktop notification using 'notify2'
[2.055s] DEBUG:colcon.colcon_core.event_reactor:joined thread
[2.056s] INFO:colcon.colcon_core.shell:Creating prefix script '/home/andrew/ros2_dev_ws/src/uwrt_software_training/install/local_setup.ps1'
[2.057s] INFO:colcon.colcon_core.shell:Creating prefix util module '/home/andrew/ros2_dev_ws/src/uwrt_software_training/install/_local_setup_util_ps1.py'
[2.059s] INFO:colcon.colcon_core.shell:Creating prefix chain script '/home/andrew/ros2_dev_ws/src/uwrt_software_training/install/setup.ps1'
[2.061s] INFO:colcon.colcon_core.shell:Creating prefix script '/home/andrew/ros2_dev_ws/src/uwrt_software_training/install/local_setup.sh'
[2.061s] INFO:colcon.colcon_core.shell:Creating prefix util module '/home/andrew/ros2_dev_ws/src/uwrt_software_training/install/_local_setup_util_sh.py'
[2.062s] INFO:colcon.colcon_core.shell:Creating prefix chain script '/home/andrew/ros2_dev_ws/src/uwrt_software_training/install/setup.sh'
[2.063s] INFO:colcon.colcon_core.shell:Creating prefix script '/home/andrew/ros2_dev_ws/src/uwrt_software_training/install/local_setup.bash'
[2.064s] INFO:colcon.colcon_core.shell:Creating prefix chain script '/home/andrew/ros2_dev_ws/src/uwrt_software_training/install/setup.bash'
[2.064s] INFO:colcon.colcon_core.shell:Creating prefix script '/home/andrew/ros2_dev_ws/src/uwrt_software_training/install/local_setup.zsh'
[2.065s] INFO:colcon.colcon_core.shell:Creating prefix chain script '/home/andrew/ros2_dev_ws/src/uwrt_software_training/install/setup.zsh'
