-- Found ament_cmake: 0.9.9 (/opt/ros/foxy/share/ament_cmake/cmake)
-- Found PythonInterp: /usr/bin/python3 (found suitable version "3.8.10", minimum required is "3") 
-- Using PYTHON_EXECUTABLE: /usr/bin/python3
-- Found rclcpp: 2.4.1 (/opt/ros/foxy/share/rclcpp/cmake)
-- Using all available rosidl_typesupport_c: rosidl_typesupport_fastrtps_c;rosidl_typesupport_introspection_c
-- Found rosidl_adapter: 1.2.1 (/opt/ros/foxy/share/rosidl_adapter/cmake)
-- Using all available rosidl_typesupport_cpp: rosidl_typesupport_fastrtps_cpp;rosidl_typesupport_introspection_cpp
-- Found rmw_implementation_cmake: 1.0.3 (/opt/ros/foxy/share/rmw_implementation_cmake/cmake)
-- Using RMW implementation 'rmw_fastrtps_cpp' as default
-- Found ament_lint_auto: 0.9.6 (/opt/ros/foxy/share/ament_lint_auto/cmake)
-- Added test 'copyright' to check source files copyright and LICENSE
-- Added test 'cppcheck' to perform static code analysis on C / C++ code
-- Configured cppcheck include dirs: /home/andrew/ros2_dev_ws/src/uwrt_software_training/include
-- Configured cppcheck exclude dirs and/or files: 
-- Added test 'cpplint' to check C / C++ code against the Google style
-- Configured cpplint exclude dirs and/or files: 
-- Added test 'flake8' to check Python code syntax and style conventions
-- Added test 'lint_cmake' to check CMake code style
-- Added test 'pep257' to check Python code against some of the style conventions in PEP 257
-- Added test 'uncrustify' to check C / C++ code style
-- Configured uncrustify additional arguments: 
-- Added test 'xmllint' to check XML markup files
-- Configuring done
-- Generating done
-- Build files have been written to: /home/andrew/ros2_dev_ws/src/uwrt_software_training/build/software_training_assignment
-- Install configuration: ""
-- Up-to-date: /home/andrew/ros2_dev_ws/src/uwrt_software_training/install/software_training_assignment/share/ament_index/resource_index/package_run_dependencies/software_training_assignment
-- Up-to-date: /home/andrew/ros2_dev_ws/src/uwrt_software_training/install/software_training_assignment/share/ament_index/resource_index/parent_prefix_path/software_training_assignment
-- Up-to-date: /home/andrew/ros2_dev_ws/src/uwrt_software_training/install/software_training_assignment/share/software_training_assignment/environment/ament_prefix_path.sh
-- Installing: /home/andrew/ros2_dev_ws/src/uwrt_software_training/install/software_training_assignment/share/software_training_assignment/environment/ament_prefix_path.dsv
-- Up-to-date: /home/andrew/ros2_dev_ws/src/uwrt_software_training/install/software_training_assignment/share/software_training_assignment/environment/path.sh
-- Installing: /home/andrew/ros2_dev_ws/src/uwrt_software_training/install/software_training_assignment/share/software_training_assignment/environment/path.dsv
-- Up-to-date: /home/andrew/ros2_dev_ws/src/uwrt_software_training/install/software_training_assignment/share/software_training_assignment/local_setup.bash
-- Installing: /home/andrew/ros2_dev_ws/src/uwrt_software_training/install/software_training_assignment/share/software_training_assignment/local_setup.sh
-- Up-to-date: /home/andrew/ros2_dev_ws/src/uwrt_software_training/install/software_training_assignment/share/software_training_assignment/local_setup.zsh
-- Installing: /home/andrew/ros2_dev_ws/src/uwrt_software_training/install/software_training_assignment/share/software_training_assignment/local_setup.dsv
-- Installing: /home/andrew/ros2_dev_ws/src/uwrt_software_training/install/software_training_assignment/share/software_training_assignment/package.dsv
-- Up-to-date: /home/andrew/ros2_dev_ws/src/uwrt_software_training/install/software_training_assignment/share/ament_index/resource_index/packages/software_training_assignment
-- Installing: /home/andrew/ros2_dev_ws/src/uwrt_software_training/install/software_training_assignment/share/software_training_assignment/cmake/software_training_assignmentConfig.cmake
-- Up-to-date: /home/andrew/ros2_dev_ws/src/uwrt_software_training/install/software_training_assignment/share/software_training_assignment/cmake/software_training_assignmentConfig-version.cmake
-- Up-to-date: /home/andrew/ros2_dev_ws/src/uwrt_software_training/install/software_training_assignment/share/software_training_assignment/package.xml
