[0.013s] Invoking command in '/home/andrew/ros2_dev_ws/src/uwrt_software_training/build/software_training_assignment': CMAKE_PREFIX_PATH=/opt/ros/foxy /usr/bin/cmake --build /home/andrew/ros2_dev_ws/src/uwrt_software_training/build/software_training_assignment -- -j12 -l12
[0.034s] -- Found ament_cmake: 0.9.9 (/opt/ros/foxy/share/ament_cmake/cmake)
[0.053s] -- Found PythonInterp: /usr/bin/python3 (found suitable version "3.8.10", minimum required is "3") 
[0.053s] -- Using PYTHON_EXECUTABLE: /usr/bin/python3
[0.185s] -- Found rclcpp: 2.4.1 (/opt/ros/foxy/share/rclcpp/cmake)
[0.211s] -- Using all available rosidl_typesupport_c: rosidl_typesupport_fastrtps_c;rosidl_typesupport_introspection_c
[0.214s] -- Found rosidl_adapter: 1.2.1 (/opt/ros/foxy/share/rosidl_adapter/cmake)
[0.327s] -- Using all available rosidl_typesupport_cpp: rosidl_typesupport_fastrtps_cpp;rosidl_typesupport_introspection_cpp
[0.366s] -- Found rmw_implementation_cmake: 1.0.3 (/opt/ros/foxy/share/rmw_implementation_cmake/cmake)
[0.367s] -- Using RMW implementation 'rmw_fastrtps_cpp' as default
[0.481s] -- Found ament_lint_auto: 0.9.6 (/opt/ros/foxy/share/ament_lint_auto/cmake)
[0.534s] -- Added test 'copyright' to check source files copyright and LICENSE
[0.554s] -- Added test 'cppcheck' to perform static code analysis on C / C++ code
[0.554s] -- Configured cppcheck include dirs: /home/andrew/ros2_dev_ws/src/uwrt_software_training/include
[0.554s] -- Configured cppcheck exclude dirs and/or files: 
[0.574s] -- Added test 'cpplint' to check C / C++ code against the Google style
[0.574s] -- Configured cpplint exclude dirs and/or files: 
[0.577s] -- Added test 'flake8' to check Python code syntax and style conventions
[0.582s] -- Added test 'lint_cmake' to check CMake code style
[0.585s] -- Added test 'pep257' to check Python code against some of the style conventions in PEP 257
[0.605s] -- Added test 'uncrustify' to check C / C++ code style
[0.605s] -- Configured uncrustify additional arguments: 
[0.607s] -- Added test 'xmllint' to check XML markup files
[0.609s] -- Configuring done
[0.611s] -- Generating done
[0.612s] -- Build files have been written to: /home/andrew/ros2_dev_ws/src/uwrt_software_training/build/software_training_assignment
[0.633s] Invoked command in '/home/andrew/ros2_dev_ws/src/uwrt_software_training/build/software_training_assignment' returned '0': CMAKE_PREFIX_PATH=/opt/ros/foxy /usr/bin/cmake --build /home/andrew/ros2_dev_ws/src/uwrt_software_training/build/software_training_assignment -- -j12 -l12
[0.661s] Invoking command in '/home/andrew/ros2_dev_ws/src/uwrt_software_training/build/software_training_assignment': CMAKE_PREFIX_PATH=/opt/ros/foxy /usr/bin/cmake --install /home/andrew/ros2_dev_ws/src/uwrt_software_training/build/software_training_assignment
[0.669s] -- Install configuration: ""
[0.669s] -- Up-to-date: /home/andrew/ros2_dev_ws/src/uwrt_software_training/install/software_training_assignment/share/ament_index/resource_index/package_run_dependencies/software_training_assignment
[0.670s] -- Up-to-date: /home/andrew/ros2_dev_ws/src/uwrt_software_training/install/software_training_assignment/share/ament_index/resource_index/parent_prefix_path/software_training_assignment
[0.670s] -- Up-to-date: /home/andrew/ros2_dev_ws/src/uwrt_software_training/install/software_training_assignment/share/software_training_assignment/environment/ament_prefix_path.sh
[0.670s] -- Installing: /home/andrew/ros2_dev_ws/src/uwrt_software_training/install/software_training_assignment/share/software_training_assignment/environment/ament_prefix_path.dsv
[0.670s] -- Up-to-date: /home/andrew/ros2_dev_ws/src/uwrt_software_training/install/software_training_assignment/share/software_training_assignment/environment/path.sh
[0.670s] -- Installing: /home/andrew/ros2_dev_ws/src/uwrt_software_training/install/software_training_assignment/share/software_training_assignment/environment/path.dsv
[0.670s] -- Up-to-date: /home/andrew/ros2_dev_ws/src/uwrt_software_training/install/software_training_assignment/share/software_training_assignment/local_setup.bash
[0.670s] -- Installing: /home/andrew/ros2_dev_ws/src/uwrt_software_training/install/software_training_assignment/share/software_training_assignment/local_setup.sh
[0.670s] -- Up-to-date: /home/andrew/ros2_dev_ws/src/uwrt_software_training/install/software_training_assignment/share/software_training_assignment/local_setup.zsh
[0.670s] -- Installing: /home/andrew/ros2_dev_ws/src/uwrt_software_training/install/software_training_assignment/share/software_training_assignment/local_setup.dsv
[0.671s] -- Installing: /home/andrew/ros2_dev_ws/src/uwrt_software_training/install/software_training_assignment/share/software_training_assignment/package.dsv
[0.671s] -- Up-to-date: /home/andrew/ros2_dev_ws/src/uwrt_software_training/install/software_training_assignment/share/ament_index/resource_index/packages/software_training_assignment
[0.671s] -- Installing: /home/andrew/ros2_dev_ws/src/uwrt_software_training/install/software_training_assignment/share/software_training_assignment/cmake/software_training_assignmentConfig.cmake
[0.671s] -- Up-to-date: /home/andrew/ros2_dev_ws/src/uwrt_software_training/install/software_training_assignment/share/software_training_assignment/cmake/software_training_assignmentConfig-version.cmake
[0.671s] -- Up-to-date: /home/andrew/ros2_dev_ws/src/uwrt_software_training/install/software_training_assignment/share/software_training_assignment/package.xml
[0.673s] Invoked command in '/home/andrew/ros2_dev_ws/src/uwrt_software_training/build/software_training_assignment' returned '0': CMAKE_PREFIX_PATH=/opt/ros/foxy /usr/bin/cmake --install /home/andrew/ros2_dev_ws/src/uwrt_software_training/build/software_training_assignment
