-- Found ament_cmake: 0.9.9 (/opt/ros/foxy/share/ament_cmake/cmake)
-- Found PythonInterp: /usr/bin/python3 (found suitable version "3.8.10", minimum required is "3") 
-- Using PYTHON_EXECUTABLE: /usr/bin/python3
-- Found rclcpp: 2.4.1 (/opt/ros/foxy/share/rclcpp/cmake)
-- Using all available rosidl_typesupport_c: rosidl_typesupport_fastrtps_c;rosidl_typesupport_introspection_c
-- Found rosidl_adapter: 1.2.1 (/opt/ros/foxy/share/rosidl_adapter/cmake)
-- Using all available rosidl_typesupport_cpp: rosidl_typesupport_fastrtps_cpp;rosidl_typesupport_introspection_cpp
-- Found rmw_implementation_cmake: 1.0.3 (/opt/ros/foxy/share/rmw_implementation_cmake/cmake)
-- Using RMW implementation 'rmw_fastrtps_cpp' as default
-- Found ament_lint_auto: 0.9.6 (/opt/ros/foxy/share/ament_lint_auto/cmake)
-- Found PythonInterp: /usr/bin/python3 (found version "3.8.10") 
-- Found ament_cmake_ros: 0.9.2 (/opt/ros/foxy/share/ament_cmake_ros/cmake)
-- Using all available rosidl_typesupport_c: rosidl_typesupport_fastrtps_c;rosidl_typesupport_introspection_c
-- Using all available rosidl_typesupport_cpp: rosidl_typesupport_fastrtps_cpp;rosidl_typesupport_introspection_cpp
-- Added test 'copyright' to check source files copyright and LICENSE
-- Added test 'cppcheck' to perform static code analysis on C / C++ code
-- Configured cppcheck include dirs: /home/andrew/ros2_dev_ws/src/uwrt_software_training/include;$<BUILD_INTERFACE:/home/andrew/ros2_dev_ws/src/uwrt_software_training/build/software_training_assignment/rosidl_generator_c>;/home/andrew/ros2_dev_ws/src/uwrt_software_training/build/software_training_assignment/rosidl_generator_c;/home/andrew/ros2_dev_ws/src/uwrt_software_training/build/software_training_assignment/rosidl_generator_cpp;/home/andrew/ros2_dev_ws/src/uwrt_software_training/build/software_training_assignment/rosidl_typesupport_fastrtps_c;/home/andrew/ros2_dev_ws/src/uwrt_software_training/build/software_training_assignment/rosidl_typesupport_fastrtps_cpp;$<BUILD_INTERFACE:/home/andrew/ros2_dev_ws/src/uwrt_software_training/build/software_training_assignment/rosidl_typesupport_introspection_c>;$<BUILD_INTERFACE:/home/andrew/ros2_dev_ws/src/uwrt_software_training/build/software_training_assignment/rosidl_typesupport_c>;$<BUILD_INTERFACE:/home/andrew/ros2_dev_ws/src/uwrt_software_training/build/software_training_assignment/rosidl_generator_cpp>
-- Configured cppcheck exclude dirs and/or files: 
-- Added test 'cpplint' to check C / C++ code against the Google style
-- Configured cpplint exclude dirs and/or files: 
-- Added test 'flake8' to check Python code syntax and style conventions
-- Added test 'lint_cmake' to check CMake code style
-- Added test 'pep257' to check Python code against some of the style conventions in PEP 257
-- Added test 'uncrustify' to check C / C++ code style
-- Configured uncrustify additional arguments: 
-- Added test 'xmllint' to check XML markup files
-- Configuring done
-- Generating done
-- Build files have been written to: /home/andrew/ros2_dev_ws/src/uwrt_software_training/build/software_training_assignment
[35m[1mScanning dependencies of target software_training_assignment__cpp[0m
[  4%] [34m[1mGenerating C code for ROS interfaces[0m
[  9%] [34m[1mGenerating C++ code for ROS interfaces[0m
[35m[1mScanning dependencies of target software_training_assignment__rosidl_generator_c[0m
[  9%] Built target software_training_assignment__cpp
[ 13%] [34m[1mGenerating C++ type support dispatch for ROS interfaces[0m
[ 22%] [34m[1mGenerating C++ introspection for ROS interfaces[0m
[ 22%] [34m[1mGenerating C++ type support for eProsima Fast-RTPS[0m
[ 27%] [32mBuilding C object CMakeFiles/software_training_assignment__rosidl_generator_c.dir/rosidl_generator_c/software_training_assignment/action/detail/moving__functions.c.o[0m
[ 31%] [32m[1mLinking C shared library libsoftware_training_assignment__rosidl_generator_c.so[0m
[ 31%] Built target software_training_assignment__rosidl_generator_c
[ 36%] [34m[1mGenerating C introspection for ROS interfaces[0m
[ 40%] [34m[1mGenerating C type support dispatch for ROS interfaces[0m
[35m[1mScanning dependencies of target software_training_assignment__rosidl_typesupport_cpp[0m
[ 45%] [32mBuilding CXX object CMakeFiles/software_training_assignment__rosidl_typesupport_cpp.dir/rosidl_typesupport_cpp/software_training_assignment/action/moving__type_support.cpp.o[0m
[35m[1mScanning dependencies of target software_training_assignment__rosidl_typesupport_introspection_cpp[0m
[ 50%] [32mBuilding CXX object CMakeFiles/software_training_assignment__rosidl_typesupport_introspection_cpp.dir/rosidl_typesupport_introspection_cpp/software_training_assignment/action/detail/moving__type_support.cpp.o[0m
[35m[1mScanning dependencies of target software_training_assignment__rosidl_typesupport_fastrtps_cpp[0m
[ 54%] [32mBuilding CXX object CMakeFiles/software_training_assignment__rosidl_typesupport_fastrtps_cpp.dir/rosidl_typesupport_fastrtps_cpp/software_training_assignment/action/detail/dds_fastrtps/moving__type_support.cpp.o[0m
[35m[1mScanning dependencies of target software_training_assignment__rosidl_typesupport_c[0m
[ 59%] [32mBuilding CXX object CMakeFiles/software_training_assignment__rosidl_typesupport_c.dir/rosidl_typesupport_c/software_training_assignment/action/moving__type_support.cpp.o[0m
[35m[1mScanning dependencies of target software_training_assignment__rosidl_typesupport_introspection_c[0m
[ 63%] [32m[1mLinking CXX shared library libsoftware_training_assignment__rosidl_typesupport_c.so[0m
[ 68%] [32mBuilding C object CMakeFiles/software_training_assignment__rosidl_typesupport_introspection_c.dir/rosidl_typesupport_introspection_c/software_training_assignment/action/detail/moving__type_support.c.o[0m
[ 68%] Built target software_training_assignment__rosidl_typesupport_c
[ 72%] [32m[1mLinking C shared library libsoftware_training_assignment__rosidl_typesupport_introspection_c.so[0m
[ 77%] [32m[1mLinking CXX shared library libsoftware_training_assignment__rosidl_typesupport_cpp.so[0m
[ 77%] Built target software_training_assignment__rosidl_typesupport_introspection_c
[ 77%] Built target software_training_assignment__rosidl_typesupport_cpp
[ 81%] [32m[1mLinking CXX shared library libsoftware_training_assignment__rosidl_typesupport_introspection_cpp.so[0m
[ 81%] Built target software_training_assignment__rosidl_typesupport_introspection_cpp
[ 86%] [32m[1mLinking CXX shared library libsoftware_training_assignment__rosidl_typesupport_fastrtps_cpp.so[0m
[ 86%] Built target software_training_assignment__rosidl_typesupport_fastrtps_cpp
[ 90%] [34m[1mGenerating C type support for eProsima Fast-RTPS[0m
[35m[1mScanning dependencies of target software_training_assignment__rosidl_typesupport_fastrtps_c[0m
[ 95%] [32mBuilding CXX object CMakeFiles/software_training_assignment__rosidl_typesupport_fastrtps_c.dir/rosidl_typesupport_fastrtps_c/software_training_assignment/action/detail/moving__type_support_c.cpp.o[0m
[100%] [32m[1mLinking CXX shared library libsoftware_training_assignment__rosidl_typesupport_fastrtps_c.so[0m
[100%] Built target software_training_assignment__rosidl_typesupport_fastrtps_c
[35m[1mScanning dependencies of target software_training_assignment[0m
[100%] Built target software_training_assignment
-- Install configuration: ""
-- Installing: /home/andrew/ros2_dev_ws/src/uwrt_software_training/install/software_training_assignment/share/ament_index/resource_index/rosidl_interfaces/software_training_assignment
-- Installing: /home/andrew/ros2_dev_ws/src/uwrt_software_training/install/software_training_assignment/include/software_training_assignment
-- Installing: /home/andrew/ros2_dev_ws/src/uwrt_software_training/install/software_training_assignment/include/software_training_assignment/msg
-- Installing: /home/andrew/ros2_dev_ws/src/uwrt_software_training/install/software_training_assignment/include/software_training_assignment/msg/rosidl_generator_c__visibility_control.h
-- Installing: /home/andrew/ros2_dev_ws/src/uwrt_software_training/install/software_training_assignment/include/software_training_assignment/action
-- Installing: /home/andrew/ros2_dev_ws/src/uwrt_software_training/install/software_training_assignment/include/software_training_assignment/action/detail
-- Installing: /home/andrew/ros2_dev_ws/src/uwrt_software_training/install/software_training_assignment/include/software_training_assignment/action/detail/moving__type_support.h
-- Installing: /home/andrew/ros2_dev_ws/src/uwrt_software_training/install/software_training_assignment/include/software_training_assignment/action/detail/moving__functions.c
-- Installing: /home/andrew/ros2_dev_ws/src/uwrt_software_training/install/software_training_assignment/include/software_training_assignment/action/detail/moving__struct.h
-- Installing: /home/andrew/ros2_dev_ws/src/uwrt_software_training/install/software_training_assignment/include/software_training_assignment/action/detail/moving__functions.h
-- Installing: /home/andrew/ros2_dev_ws/src/uwrt_software_training/install/software_training_assignment/include/software_training_assignment/action/moving.h
-- Installing: /home/andrew/ros2_dev_ws/src/uwrt_software_training/install/software_training_assignment/share/software_training_assignment/environment/library_path.sh
-- Installing: /home/andrew/ros2_dev_ws/src/uwrt_software_training/install/software_training_assignment/share/software_training_assignment/environment/library_path.dsv
-- Installing: /home/andrew/ros2_dev_ws/src/uwrt_software_training/install/software_training_assignment/lib/libsoftware_training_assignment__rosidl_generator_c.so
-- Set runtime path of "/home/andrew/ros2_dev_ws/src/uwrt_software_training/install/software_training_assignment/lib/libsoftware_training_assignment__rosidl_generator_c.so" to ""
-- Up-to-date: /home/andrew/ros2_dev_ws/src/uwrt_software_training/install/software_training_assignment/include/software_training_assignment
-- Up-to-date: /home/andrew/ros2_dev_ws/src/uwrt_software_training/install/software_training_assignment/include/software_training_assignment/msg
-- Installing: /home/andrew/ros2_dev_ws/src/uwrt_software_training/install/software_training_assignment/include/software_training_assignment/msg/rosidl_typesupport_fastrtps_c__visibility_control.h
-- Up-to-date: /home/andrew/ros2_dev_ws/src/uwrt_software_training/install/software_training_assignment/include/software_training_assignment/action
-- Up-to-date: /home/andrew/ros2_dev_ws/src/uwrt_software_training/install/software_training_assignment/include/software_training_assignment/action/detail
-- Installing: /home/andrew/ros2_dev_ws/src/uwrt_software_training/install/software_training_assignment/include/software_training_assignment/action/detail/moving__rosidl_typesupport_fastrtps_c.h
-- Installing: /home/andrew/ros2_dev_ws/src/uwrt_software_training/install/software_training_assignment/lib/libsoftware_training_assignment__rosidl_typesupport_fastrtps_c.so
-- Set runtime path of "/home/andrew/ros2_dev_ws/src/uwrt_software_training/install/software_training_assignment/lib/libsoftware_training_assignment__rosidl_typesupport_fastrtps_c.so" to ""
-- Up-to-date: /home/andrew/ros2_dev_ws/src/uwrt_software_training/install/software_training_assignment/include/software_training_assignment
-- Up-to-date: /home/andrew/ros2_dev_ws/src/uwrt_software_training/install/software_training_assignment/include/software_training_assignment/msg
-- Installing: /home/andrew/ros2_dev_ws/src/uwrt_software_training/install/software_training_assignment/include/software_training_assignment/msg/rosidl_typesupport_fastrtps_cpp__visibility_control.h
-- Up-to-date: /home/andrew/ros2_dev_ws/src/uwrt_software_training/install/software_training_assignment/include/software_training_assignment/action
-- Up-to-date: /home/andrew/ros2_dev_ws/src/uwrt_software_training/install/software_training_assignment/include/software_training_assignment/action/detail
-- Installing: /home/andrew/ros2_dev_ws/src/uwrt_software_training/install/software_training_assignment/include/software_training_assignment/action/detail/moving__rosidl_typesupport_fastrtps_cpp.hpp
-- Installing: /home/andrew/ros2_dev_ws/src/uwrt_software_training/install/software_training_assignment/include/software_training_assignment/action/detail/dds_fastrtps
-- Installing: /home/andrew/ros2_dev_ws/src/uwrt_software_training/install/software_training_assignment/lib/libsoftware_training_assignment__rosidl_typesupport_fastrtps_cpp.so
-- Set runtime path of "/home/andrew/ros2_dev_ws/src/uwrt_software_training/install/software_training_assignment/lib/libsoftware_training_assignment__rosidl_typesupport_fastrtps_cpp.so" to ""
-- Up-to-date: /home/andrew/ros2_dev_ws/src/uwrt_software_training/install/software_training_assignment/include/software_training_assignment
-- Up-to-date: /home/andrew/ros2_dev_ws/src/uwrt_software_training/install/software_training_assignment/include/software_training_assignment/msg
-- Installing: /home/andrew/ros2_dev_ws/src/uwrt_software_training/install/software_training_assignment/include/software_training_assignment/msg/rosidl_typesupport_introspection_c__visibility_control.h
-- Up-to-date: /home/andrew/ros2_dev_ws/src/uwrt_software_training/install/software_training_assignment/include/software_training_assignment/action
-- Up-to-date: /home/andrew/ros2_dev_ws/src/uwrt_software_training/install/software_training_assignment/include/software_training_assignment/action/detail
-- Installing: /home/andrew/ros2_dev_ws/src/uwrt_software_training/install/software_training_assignment/include/software_training_assignment/action/detail/moving__rosidl_typesupport_introspection_c.h
-- Installing: /home/andrew/ros2_dev_ws/src/uwrt_software_training/install/software_training_assignment/include/software_training_assignment/action/detail/moving__type_support.c
-- Installing: /home/andrew/ros2_dev_ws/src/uwrt_software_training/install/software_training_assignment/lib/libsoftware_training_assignment__rosidl_typesupport_introspection_c.so
-- Set runtime path of "/home/andrew/ros2_dev_ws/src/uwrt_software_training/install/software_training_assignment/lib/libsoftware_training_assignment__rosidl_typesupport_introspection_c.so" to ""
-- Installing: /home/andrew/ros2_dev_ws/src/uwrt_software_training/install/software_training_assignment/lib/libsoftware_training_assignment__rosidl_typesupport_c.so
-- Set runtime path of "/home/andrew/ros2_dev_ws/src/uwrt_software_training/install/software_training_assignment/lib/libsoftware_training_assignment__rosidl_typesupport_c.so" to ""
-- Up-to-date: /home/andrew/ros2_dev_ws/src/uwrt_software_training/install/software_training_assignment/include/software_training_assignment
-- Up-to-date: /home/andrew/ros2_dev_ws/src/uwrt_software_training/install/software_training_assignment/include/software_training_assignment/action
-- Installing: /home/andrew/ros2_dev_ws/src/uwrt_software_training/install/software_training_assignment/include/software_training_assignment/action/moving.hpp
-- Up-to-date: /home/andrew/ros2_dev_ws/src/uwrt_software_training/install/software_training_assignment/include/software_training_assignment/action/detail
-- Installing: /home/andrew/ros2_dev_ws/src/uwrt_software_training/install/software_training_assignment/include/software_training_assignment/action/detail/moving__builder.hpp
-- Installing: /home/andrew/ros2_dev_ws/src/uwrt_software_training/install/software_training_assignment/include/software_training_assignment/action/detail/moving__struct.hpp
-- Installing: /home/andrew/ros2_dev_ws/src/uwrt_software_training/install/software_training_assignment/include/software_training_assignment/action/detail/moving__traits.hpp
-- Up-to-date: /home/andrew/ros2_dev_ws/src/uwrt_software_training/install/software_training_assignment/include/software_training_assignment
-- Up-to-date: /home/andrew/ros2_dev_ws/src/uwrt_software_training/install/software_training_assignment/include/software_training_assignment/action
-- Up-to-date: /home/andrew/ros2_dev_ws/src/uwrt_software_training/install/software_training_assignment/include/software_training_assignment/action/detail
-- Installing: /home/andrew/ros2_dev_ws/src/uwrt_software_training/install/software_training_assignment/include/software_training_assignment/action/detail/moving__type_support.cpp
-- Installing: /home/andrew/ros2_dev_ws/src/uwrt_software_training/install/software_training_assignment/include/software_training_assignment/action/detail/moving__rosidl_typesupport_introspection_cpp.hpp
-- Installing: /home/andrew/ros2_dev_ws/src/uwrt_software_training/install/software_training_assignment/lib/libsoftware_training_assignment__rosidl_typesupport_introspection_cpp.so
-- Set runtime path of "/home/andrew/ros2_dev_ws/src/uwrt_software_training/install/software_training_assignment/lib/libsoftware_training_assignment__rosidl_typesupport_introspection_cpp.so" to ""
-- Installing: /home/andrew/ros2_dev_ws/src/uwrt_software_training/install/software_training_assignment/lib/libsoftware_training_assignment__rosidl_typesupport_cpp.so
-- Set runtime path of "/home/andrew/ros2_dev_ws/src/uwrt_software_training/install/software_training_assignment/lib/libsoftware_training_assignment__rosidl_typesupport_cpp.so" to ""
-- Installing: /home/andrew/ros2_dev_ws/src/uwrt_software_training/install/software_training_assignment/share/software_training_assignment/action/Moving.idl
-- Installing: /home/andrew/ros2_dev_ws/src/uwrt_software_training/install/software_training_assignment/share/software_training_assignment/action/Moving.action
-- Installing: /home/andrew/ros2_dev_ws/src/uwrt_software_training/install/software_training_assignment/share/ament_index/resource_index/package_run_dependencies/software_training_assignment
-- Installing: /home/andrew/ros2_dev_ws/src/uwrt_software_training/install/software_training_assignment/share/ament_index/resource_index/parent_prefix_path/software_training_assignment
-- Installing: /home/andrew/ros2_dev_ws/src/uwrt_software_training/install/software_training_assignment/share/software_training_assignment/environment/ament_prefix_path.sh
-- Installing: /home/andrew/ros2_dev_ws/src/uwrt_software_training/install/software_training_assignment/share/software_training_assignment/environment/ament_prefix_path.dsv
-- Installing: /home/andrew/ros2_dev_ws/src/uwrt_software_training/install/software_training_assignment/share/software_training_assignment/environment/path.sh
-- Installing: /home/andrew/ros2_dev_ws/src/uwrt_software_training/install/software_training_assignment/share/software_training_assignment/environment/path.dsv
-- Installing: /home/andrew/ros2_dev_ws/src/uwrt_software_training/install/software_training_assignment/share/software_training_assignment/local_setup.bash
-- Installing: /home/andrew/ros2_dev_ws/src/uwrt_software_training/install/software_training_assignment/share/software_training_assignment/local_setup.sh
-- Installing: /home/andrew/ros2_dev_ws/src/uwrt_software_training/install/software_training_assignment/share/software_training_assignment/local_setup.zsh
-- Installing: /home/andrew/ros2_dev_ws/src/uwrt_software_training/install/software_training_assignment/share/software_training_assignment/local_setup.dsv
-- Installing: /home/andrew/ros2_dev_ws/src/uwrt_software_training/install/software_training_assignment/share/software_training_assignment/package.dsv
-- Installing: /home/andrew/ros2_dev_ws/src/uwrt_software_training/install/software_training_assignment/share/ament_index/resource_index/packages/software_training_assignment
-- Installing: /home/andrew/ros2_dev_ws/src/uwrt_software_training/install/software_training_assignment/share/software_training_assignment/cmake/software_training_assignment__rosidl_generator_cExport.cmake
-- Installing: /home/andrew/ros2_dev_ws/src/uwrt_software_training/install/software_training_assignment/share/software_training_assignment/cmake/software_training_assignment__rosidl_generator_cExport-noconfig.cmake
-- Installing: /home/andrew/ros2_dev_ws/src/uwrt_software_training/install/software_training_assignment/share/software_training_assignment/cmake/software_training_assignment__rosidl_typesupport_introspection_cExport.cmake
-- Installing: /home/andrew/ros2_dev_ws/src/uwrt_software_training/install/software_training_assignment/share/software_training_assignment/cmake/software_training_assignment__rosidl_typesupport_introspection_cExport-noconfig.cmake
-- Installing: /home/andrew/ros2_dev_ws/src/uwrt_software_training/install/software_training_assignment/share/software_training_assignment/cmake/software_training_assignment__rosidl_typesupport_cExport.cmake
-- Installing: /home/andrew/ros2_dev_ws/src/uwrt_software_training/install/software_training_assignment/share/software_training_assignment/cmake/software_training_assignment__rosidl_typesupport_cExport-noconfig.cmake
-- Installing: /home/andrew/ros2_dev_ws/src/uwrt_software_training/install/software_training_assignment/share/software_training_assignment/cmake/software_training_assignment__rosidl_generator_cppExport.cmake
-- Installing: /home/andrew/ros2_dev_ws/src/uwrt_software_training/install/software_training_assignment/share/software_training_assignment/cmake/software_training_assignment__rosidl_typesupport_introspection_cppExport.cmake
-- Installing: /home/andrew/ros2_dev_ws/src/uwrt_software_training/install/software_training_assignment/share/software_training_assignment/cmake/software_training_assignment__rosidl_typesupport_introspection_cppExport-noconfig.cmake
-- Installing: /home/andrew/ros2_dev_ws/src/uwrt_software_training/install/software_training_assignment/share/software_training_assignment/cmake/software_training_assignment__rosidl_typesupport_cppExport.cmake
-- Installing: /home/andrew/ros2_dev_ws/src/uwrt_software_training/install/software_training_assignment/share/software_training_assignment/cmake/software_training_assignment__rosidl_typesupport_cppExport-noconfig.cmake
-- Installing: /home/andrew/ros2_dev_ws/src/uwrt_software_training/install/software_training_assignment/share/software_training_assignment/cmake/rosidl_cmake-extras.cmake
-- Installing: /home/andrew/ros2_dev_ws/src/uwrt_software_training/install/software_training_assignment/share/software_training_assignment/cmake/ament_cmake_export_dependencies-extras.cmake
-- Installing: /home/andrew/ros2_dev_ws/src/uwrt_software_training/install/software_training_assignment/share/software_training_assignment/cmake/ament_cmake_export_libraries-extras.cmake
-- Installing: /home/andrew/ros2_dev_ws/src/uwrt_software_training/install/software_training_assignment/share/software_training_assignment/cmake/ament_cmake_export_targets-extras.cmake
-- Installing: /home/andrew/ros2_dev_ws/src/uwrt_software_training/install/software_training_assignment/share/software_training_assignment/cmake/ament_cmake_export_include_directories-extras.cmake
-- Installing: /home/andrew/ros2_dev_ws/src/uwrt_software_training/install/software_training_assignment/share/software_training_assignment/cmake/rosidl_cmake_export_typesupport_libraries-extras.cmake
-- Installing: /home/andrew/ros2_dev_ws/src/uwrt_software_training/install/software_training_assignment/share/software_training_assignment/cmake/rosidl_cmake_export_typesupport_targets-extras.cmake
-- Installing: /home/andrew/ros2_dev_ws/src/uwrt_software_training/install/software_training_assignment/share/software_training_assignment/cmake/software_training_assignmentConfig.cmake
-- Installing: /home/andrew/ros2_dev_ws/src/uwrt_software_training/install/software_training_assignment/share/software_training_assignment/cmake/software_training_assignmentConfig-version.cmake
-- Installing: /home/andrew/ros2_dev_ws/src/uwrt_software_training/install/software_training_assignment/share/software_training_assignment/package.xml
