[0.013s] Invoking command in '/home/andrew/ros2_dev_ws/src/uwrt_software_training/build/software_training_assignment': CMAKE_PREFIX_PATH=/opt/ros/foxy /usr/bin/cmake /home/andrew/ros2_dev_ws/src/uwrt_software_training -DCMAKE_INSTALL_PREFIX=/home/andrew/ros2_dev_ws/src/uwrt_software_training/install/software_training_assignment
[0.027s] -- Found ament_cmake: 0.9.9 (/opt/ros/foxy/share/ament_cmake/cmake)
[0.046s] -- Found PythonInterp: /usr/bin/python3 (found suitable version "3.8.10", minimum required is "3") 
[0.046s] -- Using PYTHON_EXECUTABLE: /usr/bin/python3
[0.177s] -- Found rclcpp: 2.4.1 (/opt/ros/foxy/share/rclcpp/cmake)
[0.201s] -- Using all available rosidl_typesupport_c: rosidl_typesupport_fastrtps_c;rosidl_typesupport_introspection_c
[0.204s] -- Found rosidl_adapter: 1.2.1 (/opt/ros/foxy/share/rosidl_adapter/cmake)
[0.306s] -- Using all available rosidl_typesupport_cpp: rosidl_typesupport_fastrtps_cpp;rosidl_typesupport_introspection_cpp
[0.345s] -- Found rmw_implementation_cmake: 1.0.3 (/opt/ros/foxy/share/rmw_implementation_cmake/cmake)
[0.346s] -- Using RMW implementation 'rmw_fastrtps_cpp' as default
[0.464s] -- Found ament_lint_auto: 0.9.6 (/opt/ros/foxy/share/ament_lint_auto/cmake)
[0.485s] -- Found PythonInterp: /usr/bin/python3 (found version "3.8.10") 
[0.627s] -- Found ament_cmake_ros: 0.9.2 (/opt/ros/foxy/share/ament_cmake_ros/cmake)
[0.741s] -- Using all available rosidl_typesupport_c: rosidl_typesupport_fastrtps_c;rosidl_typesupport_introspection_c
[0.759s] -- Using all available rosidl_typesupport_cpp: rosidl_typesupport_fastrtps_cpp;rosidl_typesupport_introspection_cpp
[0.783s] -- Added test 'copyright' to check source files copyright and LICENSE
[0.791s] -- Added test 'cppcheck' to perform static code analysis on C / C++ code
[0.792s] -- Configured cppcheck include dirs: /home/andrew/ros2_dev_ws/src/uwrt_software_training/include;$<BUILD_INTERFACE:/home/andrew/ros2_dev_ws/src/uwrt_software_training/build/software_training_assignment/rosidl_generator_c>;/home/andrew/ros2_dev_ws/src/uwrt_software_training/build/software_training_assignment/rosidl_generator_c;/home/andrew/ros2_dev_ws/src/uwrt_software_training/build/software_training_assignment/rosidl_generator_cpp;/home/andrew/ros2_dev_ws/src/uwrt_software_training/build/software_training_assignment/rosidl_typesupport_fastrtps_c;/home/andrew/ros2_dev_ws/src/uwrt_software_training/build/software_training_assignment/rosidl_typesupport_fastrtps_cpp;$<BUILD_INTERFACE:/home/andrew/ros2_dev_ws/src/uwrt_software_training/build/software_training_assignment/rosidl_typesupport_introspection_c>;$<BUILD_INTERFACE:/home/andrew/ros2_dev_ws/src/uwrt_software_training/build/software_training_assignment/rosidl_typesupport_c>;$<BUILD_INTERFACE:/home/andrew/ros2_dev_ws/src/uwrt_software_training/build/software_training_assignment/rosidl_generator_cpp>
[0.792s] -- Configured cppcheck exclude dirs and/or files: 
[0.800s] -- Added test 'cpplint' to check C / C++ code against the Google style
[0.800s] -- Configured cpplint exclude dirs and/or files: 
[0.802s] -- Added test 'flake8' to check Python code syntax and style conventions
[0.804s] -- Added test 'lint_cmake' to check CMake code style
[0.806s] -- Added test 'pep257' to check Python code against some of the style conventions in PEP 257
[0.814s] -- Added test 'uncrustify' to check C / C++ code style
[0.814s] -- Configured uncrustify additional arguments: 
[0.816s] -- Added test 'xmllint' to check XML markup files
[0.823s] -- Configuring done
[0.853s] -- Generating done
[0.855s] -- Build files have been written to: /home/andrew/ros2_dev_ws/src/uwrt_software_training/build/software_training_assignment
[0.860s] Invoked command in '/home/andrew/ros2_dev_ws/src/uwrt_software_training/build/software_training_assignment' returned '0': CMAKE_PREFIX_PATH=/opt/ros/foxy /usr/bin/cmake /home/andrew/ros2_dev_ws/src/uwrt_software_training -DCMAKE_INSTALL_PREFIX=/home/andrew/ros2_dev_ws/src/uwrt_software_training/install/software_training_assignment
[0.863s] Invoking command in '/home/andrew/ros2_dev_ws/src/uwrt_software_training/build/software_training_assignment': CMAKE_PREFIX_PATH=/opt/ros/foxy /usr/bin/cmake --build /home/andrew/ros2_dev_ws/src/uwrt_software_training/build/software_training_assignment -- -j12 -l12
[0.902s] [35m[1mScanning dependencies of target software_training_assignment__cpp[0m
[0.904s] [  4%] [34m[1mGenerating C code for ROS interfaces[0m
[0.910s] [  9%] [34m[1mGenerating C++ code for ROS interfaces[0m
[1.213s] [35m[1mScanning dependencies of target software_training_assignment__rosidl_generator_c[0m
[1.213s] [  9%] Built target software_training_assignment__cpp
[1.221s] [ 13%] [34m[1mGenerating C++ type support dispatch for ROS interfaces[0m
[1.221s] [ 22%] [34m[1mGenerating C++ introspection for ROS interfaces[0m
[1.221s] [ 22%] [34m[1mGenerating C++ type support for eProsima Fast-RTPS[0m
[1.221s] [ 27%] [32mBuilding C object CMakeFiles/software_training_assignment__rosidl_generator_c.dir/rosidl_generator_c/software_training_assignment/action/detail/moving__functions.c.o[0m
[1.289s] [ 31%] [32m[1mLinking C shared library libsoftware_training_assignment__rosidl_generator_c.so[0m
[1.326s] [ 31%] Built target software_training_assignment__rosidl_generator_c
[1.335s] [ 36%] [34m[1mGenerating C introspection for ROS interfaces[0m
[1.337s] [ 40%] [34m[1mGenerating C type support dispatch for ROS interfaces[0m
[1.429s] [35m[1mScanning dependencies of target software_training_assignment__rosidl_typesupport_cpp[0m
[1.439s] [ 45%] [32mBuilding CXX object CMakeFiles/software_training_assignment__rosidl_typesupport_cpp.dir/rosidl_typesupport_cpp/software_training_assignment/action/moving__type_support.cpp.o[0m
[1.477s] [35m[1mScanning dependencies of target software_training_assignment__rosidl_typesupport_introspection_cpp[0m
[1.488s] [ 50%] [32mBuilding CXX object CMakeFiles/software_training_assignment__rosidl_typesupport_introspection_cpp.dir/rosidl_typesupport_introspection_cpp/software_training_assignment/action/detail/moving__type_support.cpp.o[0m
[1.512s] [35m[1mScanning dependencies of target software_training_assignment__rosidl_typesupport_fastrtps_cpp[0m
[1.532s] [ 54%] [32mBuilding CXX object CMakeFiles/software_training_assignment__rosidl_typesupport_fastrtps_cpp.dir/rosidl_typesupport_fastrtps_cpp/software_training_assignment/action/detail/dds_fastrtps/moving__type_support.cpp.o[0m
[1.544s] [35m[1mScanning dependencies of target software_training_assignment__rosidl_typesupport_c[0m
[1.557s] [ 59%] [32mBuilding CXX object CMakeFiles/software_training_assignment__rosidl_typesupport_c.dir/rosidl_typesupport_c/software_training_assignment/action/moving__type_support.cpp.o[0m
[1.598s] [35m[1mScanning dependencies of target software_training_assignment__rosidl_typesupport_introspection_c[0m
[1.599s] [ 63%] [32m[1mLinking CXX shared library libsoftware_training_assignment__rosidl_typesupport_c.so[0m
[1.612s] [ 68%] [32mBuilding C object CMakeFiles/software_training_assignment__rosidl_typesupport_introspection_c.dir/rosidl_typesupport_introspection_c/software_training_assignment/action/detail/moving__type_support.c.o[0m
[1.642s] [ 68%] Built target software_training_assignment__rosidl_typesupport_c
[1.659s] [ 72%] [32m[1mLinking C shared library libsoftware_training_assignment__rosidl_typesupport_introspection_c.so[0m
[1.678s] [ 77%] [32m[1mLinking CXX shared library libsoftware_training_assignment__rosidl_typesupport_cpp.so[0m
[1.687s] [ 77%] Built target software_training_assignment__rosidl_typesupport_introspection_c
[1.709s] [ 77%] Built target software_training_assignment__rosidl_typesupport_cpp
[1.792s] [ 81%] [32m[1mLinking CXX shared library libsoftware_training_assignment__rosidl_typesupport_introspection_cpp.so[0m
[1.848s] [ 81%] Built target software_training_assignment__rosidl_typesupport_introspection_cpp
[1.952s] [ 86%] [32m[1mLinking CXX shared library libsoftware_training_assignment__rosidl_typesupport_fastrtps_cpp.so[0m
[2.023s] [ 86%] Built target software_training_assignment__rosidl_typesupport_fastrtps_cpp
[2.031s] [ 90%] [34m[1mGenerating C type support for eProsima Fast-RTPS[0m
[2.318s] [35m[1mScanning dependencies of target software_training_assignment__rosidl_typesupport_fastrtps_c[0m
[2.338s] [ 95%] [32mBuilding CXX object CMakeFiles/software_training_assignment__rosidl_typesupport_fastrtps_c.dir/rosidl_typesupport_fastrtps_c/software_training_assignment/action/detail/moving__type_support_c.cpp.o[0m
[2.623s] [100%] [32m[1mLinking CXX shared library libsoftware_training_assignment__rosidl_typesupport_fastrtps_c.so[0m
[2.687s] [100%] Built target software_training_assignment__rosidl_typesupport_fastrtps_c
[2.698s] [35m[1mScanning dependencies of target software_training_assignment[0m
[2.708s] [100%] Built target software_training_assignment
[2.720s] Invoked command in '/home/andrew/ros2_dev_ws/src/uwrt_software_training/build/software_training_assignment' returned '0': CMAKE_PREFIX_PATH=/opt/ros/foxy /usr/bin/cmake --build /home/andrew/ros2_dev_ws/src/uwrt_software_training/build/software_training_assignment -- -j12 -l12
[2.766s] Invoking command in '/home/andrew/ros2_dev_ws/src/uwrt_software_training/build/software_training_assignment': CMAKE_PREFIX_PATH=/opt/ros/foxy /usr/bin/cmake --install /home/andrew/ros2_dev_ws/src/uwrt_software_training/build/software_training_assignment
[2.777s] -- Install configuration: ""
[2.777s] -- Installing: /home/andrew/ros2_dev_ws/src/uwrt_software_training/install/software_training_assignment/share/ament_index/resource_index/rosidl_interfaces/software_training_assignment
[2.777s] -- Installing: /home/andrew/ros2_dev_ws/src/uwrt_software_training/install/software_training_assignment/include/software_training_assignment
[2.778s] -- Installing: /home/andrew/ros2_dev_ws/src/uwrt_software_training/install/software_training_assignment/include/software_training_assignment/msg
[2.778s] -- Installing: /home/andrew/ros2_dev_ws/src/uwrt_software_training/install/software_training_assignment/include/software_training_assignment/msg/rosidl_generator_c__visibility_control.h
[2.778s] -- Installing: /home/andrew/ros2_dev_ws/src/uwrt_software_training/install/software_training_assignment/include/software_training_assignment/action
[2.778s] -- Installing: /home/andrew/ros2_dev_ws/src/uwrt_software_training/install/software_training_assignment/include/software_training_assignment/action/detail
[2.778s] -- Installing: /home/andrew/ros2_dev_ws/src/uwrt_software_training/install/software_training_assignment/include/software_training_assignment/action/detail/moving__type_support.h
[2.778s] -- Installing: /home/andrew/ros2_dev_ws/src/uwrt_software_training/install/software_training_assignment/include/software_training_assignment/action/detail/moving__functions.c
[2.778s] -- Installing: /home/andrew/ros2_dev_ws/src/uwrt_software_training/install/software_training_assignment/include/software_training_assignment/action/detail/moving__struct.h
[2.779s] -- Installing: /home/andrew/ros2_dev_ws/src/uwrt_software_training/install/software_training_assignment/include/software_training_assignment/action/detail/moving__functions.h
[2.779s] -- Installing: /home/andrew/ros2_dev_ws/src/uwrt_software_training/install/software_training_assignment/include/software_training_assignment/action/moving.h
[2.779s] -- Installing: /home/andrew/ros2_dev_ws/src/uwrt_software_training/install/software_training_assignment/share/software_training_assignment/environment/library_path.sh
[2.779s] -- Installing: /home/andrew/ros2_dev_ws/src/uwrt_software_training/install/software_training_assignment/share/software_training_assignment/environment/library_path.dsv
[2.779s] -- Installing: /home/andrew/ros2_dev_ws/src/uwrt_software_training/install/software_training_assignment/lib/libsoftware_training_assignment__rosidl_generator_c.so
[2.779s] -- Set runtime path of "/home/andrew/ros2_dev_ws/src/uwrt_software_training/install/software_training_assignment/lib/libsoftware_training_assignment__rosidl_generator_c.so" to ""
[2.779s] -- Up-to-date: /home/andrew/ros2_dev_ws/src/uwrt_software_training/install/software_training_assignment/include/software_training_assignment
[2.780s] -- Up-to-date: /home/andrew/ros2_dev_ws/src/uwrt_software_training/install/software_training_assignment/include/software_training_assignment/msg
[2.780s] -- Installing: /home/andrew/ros2_dev_ws/src/uwrt_software_training/install/software_training_assignment/include/software_training_assignment/msg/rosidl_typesupport_fastrtps_c__visibility_control.h
[2.780s] -- Up-to-date: /home/andrew/ros2_dev_ws/src/uwrt_software_training/install/software_training_assignment/include/software_training_assignment/action
[2.780s] -- Up-to-date: /home/andrew/ros2_dev_ws/src/uwrt_software_training/install/software_training_assignment/include/software_training_assignment/action/detail
[2.780s] -- Installing: /home/andrew/ros2_dev_ws/src/uwrt_software_training/install/software_training_assignment/include/software_training_assignment/action/detail/moving__rosidl_typesupport_fastrtps_c.h
[2.780s] -- Installing: /home/andrew/ros2_dev_ws/src/uwrt_software_training/install/software_training_assignment/lib/libsoftware_training_assignment__rosidl_typesupport_fastrtps_c.so
[2.780s] -- Set runtime path of "/home/andrew/ros2_dev_ws/src/uwrt_software_training/install/software_training_assignment/lib/libsoftware_training_assignment__rosidl_typesupport_fastrtps_c.so" to ""
[2.780s] -- Up-to-date: /home/andrew/ros2_dev_ws/src/uwrt_software_training/install/software_training_assignment/include/software_training_assignment
[2.781s] -- Up-to-date: /home/andrew/ros2_dev_ws/src/uwrt_software_training/install/software_training_assignment/include/software_training_assignment/msg
[2.781s] -- Installing: /home/andrew/ros2_dev_ws/src/uwrt_software_training/install/software_training_assignment/include/software_training_assignment/msg/rosidl_typesupport_fastrtps_cpp__visibility_control.h
[2.781s] -- Up-to-date: /home/andrew/ros2_dev_ws/src/uwrt_software_training/install/software_training_assignment/include/software_training_assignment/action
[2.781s] -- Up-to-date: /home/andrew/ros2_dev_ws/src/uwrt_software_training/install/software_training_assignment/include/software_training_assignment/action/detail
[2.781s] -- Installing: /home/andrew/ros2_dev_ws/src/uwrt_software_training/install/software_training_assignment/include/software_training_assignment/action/detail/moving__rosidl_typesupport_fastrtps_cpp.hpp
[2.781s] -- Installing: /home/andrew/ros2_dev_ws/src/uwrt_software_training/install/software_training_assignment/include/software_training_assignment/action/detail/dds_fastrtps
[2.781s] -- Installing: /home/andrew/ros2_dev_ws/src/uwrt_software_training/install/software_training_assignment/lib/libsoftware_training_assignment__rosidl_typesupport_fastrtps_cpp.so
[2.782s] -- Set runtime path of "/home/andrew/ros2_dev_ws/src/uwrt_software_training/install/software_training_assignment/lib/libsoftware_training_assignment__rosidl_typesupport_fastrtps_cpp.so" to ""
[2.782s] -- Up-to-date: /home/andrew/ros2_dev_ws/src/uwrt_software_training/install/software_training_assignment/include/software_training_assignment
[2.782s] -- Up-to-date: /home/andrew/ros2_dev_ws/src/uwrt_software_training/install/software_training_assignment/include/software_training_assignment/msg
[2.782s] -- Installing: /home/andrew/ros2_dev_ws/src/uwrt_software_training/install/software_training_assignment/include/software_training_assignment/msg/rosidl_typesupport_introspection_c__visibility_control.h
[2.782s] -- Up-to-date: /home/andrew/ros2_dev_ws/src/uwrt_software_training/install/software_training_assignment/include/software_training_assignment/action
[2.782s] -- Up-to-date: /home/andrew/ros2_dev_ws/src/uwrt_software_training/install/software_training_assignment/include/software_training_assignment/action/detail
[2.782s] -- Installing: /home/andrew/ros2_dev_ws/src/uwrt_software_training/install/software_training_assignment/include/software_training_assignment/action/detail/moving__rosidl_typesupport_introspection_c.h
[2.782s] -- Installing: /home/andrew/ros2_dev_ws/src/uwrt_software_training/install/software_training_assignment/include/software_training_assignment/action/detail/moving__type_support.c
[2.782s] -- Installing: /home/andrew/ros2_dev_ws/src/uwrt_software_training/install/software_training_assignment/lib/libsoftware_training_assignment__rosidl_typesupport_introspection_c.so
[2.783s] -- Set runtime path of "/home/andrew/ros2_dev_ws/src/uwrt_software_training/install/software_training_assignment/lib/libsoftware_training_assignment__rosidl_typesupport_introspection_c.so" to ""
[2.783s] -- Installing: /home/andrew/ros2_dev_ws/src/uwrt_software_training/install/software_training_assignment/lib/libsoftware_training_assignment__rosidl_typesupport_c.so
[2.783s] -- Set runtime path of "/home/andrew/ros2_dev_ws/src/uwrt_software_training/install/software_training_assignment/lib/libsoftware_training_assignment__rosidl_typesupport_c.so" to ""
[2.783s] -- Up-to-date: /home/andrew/ros2_dev_ws/src/uwrt_software_training/install/software_training_assignment/include/software_training_assignment
[2.783s] -- Up-to-date: /home/andrew/ros2_dev_ws/src/uwrt_software_training/install/software_training_assignment/include/software_training_assignment/action
[2.783s] -- Installing: /home/andrew/ros2_dev_ws/src/uwrt_software_training/install/software_training_assignment/include/software_training_assignment/action/moving.hpp
[2.783s] -- Up-to-date: /home/andrew/ros2_dev_ws/src/uwrt_software_training/install/software_training_assignment/include/software_training_assignment/action/detail
[2.783s] -- Installing: /home/andrew/ros2_dev_ws/src/uwrt_software_training/install/software_training_assignment/include/software_training_assignment/action/detail/moving__builder.hpp
[2.784s] -- Installing: /home/andrew/ros2_dev_ws/src/uwrt_software_training/install/software_training_assignment/include/software_training_assignment/action/detail/moving__struct.hpp
[2.784s] -- Installing: /home/andrew/ros2_dev_ws/src/uwrt_software_training/install/software_training_assignment/include/software_training_assignment/action/detail/moving__traits.hpp
[2.784s] -- Up-to-date: /home/andrew/ros2_dev_ws/src/uwrt_software_training/install/software_training_assignment/include/software_training_assignment
[2.784s] -- Up-to-date: /home/andrew/ros2_dev_ws/src/uwrt_software_training/install/software_training_assignment/include/software_training_assignment/action
[2.784s] -- Up-to-date: /home/andrew/ros2_dev_ws/src/uwrt_software_training/install/software_training_assignment/include/software_training_assignment/action/detail
[2.784s] -- Installing: /home/andrew/ros2_dev_ws/src/uwrt_software_training/install/software_training_assignment/include/software_training_assignment/action/detail/moving__type_support.cpp
[2.784s] -- Installing: /home/andrew/ros2_dev_ws/src/uwrt_software_training/install/software_training_assignment/include/software_training_assignment/action/detail/moving__rosidl_typesupport_introspection_cpp.hpp
[2.784s] -- Installing: /home/andrew/ros2_dev_ws/src/uwrt_software_training/install/software_training_assignment/lib/libsoftware_training_assignment__rosidl_typesupport_introspection_cpp.so
[2.785s] -- Set runtime path of "/home/andrew/ros2_dev_ws/src/uwrt_software_training/install/software_training_assignment/lib/libsoftware_training_assignment__rosidl_typesupport_introspection_cpp.so" to ""
[2.785s] -- Installing: /home/andrew/ros2_dev_ws/src/uwrt_software_training/install/software_training_assignment/lib/libsoftware_training_assignment__rosidl_typesupport_cpp.so
[2.785s] -- Set runtime path of "/home/andrew/ros2_dev_ws/src/uwrt_software_training/install/software_training_assignment/lib/libsoftware_training_assignment__rosidl_typesupport_cpp.so" to ""
[2.785s] -- Installing: /home/andrew/ros2_dev_ws/src/uwrt_software_training/install/software_training_assignment/share/software_training_assignment/action/Moving.idl
[2.785s] -- Installing: /home/andrew/ros2_dev_ws/src/uwrt_software_training/install/software_training_assignment/share/software_training_assignment/action/Moving.action
[2.785s] -- Installing: /home/andrew/ros2_dev_ws/src/uwrt_software_training/install/software_training_assignment/share/ament_index/resource_index/package_run_dependencies/software_training_assignment
[2.785s] -- Installing: /home/andrew/ros2_dev_ws/src/uwrt_software_training/install/software_training_assignment/share/ament_index/resource_index/parent_prefix_path/software_training_assignment
[2.785s] -- Installing: /home/andrew/ros2_dev_ws/src/uwrt_software_training/install/software_training_assignment/share/software_training_assignment/environment/ament_prefix_path.sh
[2.786s] -- Installing: /home/andrew/ros2_dev_ws/src/uwrt_software_training/install/software_training_assignment/share/software_training_assignment/environment/ament_prefix_path.dsv
[2.786s] -- Installing: /home/andrew/ros2_dev_ws/src/uwrt_software_training/install/software_training_assignment/share/software_training_assignment/environment/path.sh
[2.786s] -- Installing: /home/andrew/ros2_dev_ws/src/uwrt_software_training/install/software_training_assignment/share/software_training_assignment/environment/path.dsv
[2.786s] -- Installing: /home/andrew/ros2_dev_ws/src/uwrt_software_training/install/software_training_assignment/share/software_training_assignment/local_setup.bash
[2.786s] -- Installing: /home/andrew/ros2_dev_ws/src/uwrt_software_training/install/software_training_assignment/share/software_training_assignment/local_setup.sh
[2.786s] -- Installing: /home/andrew/ros2_dev_ws/src/uwrt_software_training/install/software_training_assignment/share/software_training_assignment/local_setup.zsh
[2.786s] -- Installing: /home/andrew/ros2_dev_ws/src/uwrt_software_training/install/software_training_assignment/share/software_training_assignment/local_setup.dsv
[2.786s] -- Installing: /home/andrew/ros2_dev_ws/src/uwrt_software_training/install/software_training_assignment/share/software_training_assignment/package.dsv
[2.786s] -- Installing: /home/andrew/ros2_dev_ws/src/uwrt_software_training/install/software_training_assignment/share/ament_index/resource_index/packages/software_training_assignment
[2.787s] -- Installing: /home/andrew/ros2_dev_ws/src/uwrt_software_training/install/software_training_assignment/share/software_training_assignment/cmake/software_training_assignment__rosidl_generator_cExport.cmake
[2.787s] -- Installing: /home/andrew/ros2_dev_ws/src/uwrt_software_training/install/software_training_assignment/share/software_training_assignment/cmake/software_training_assignment__rosidl_generator_cExport-noconfig.cmake
[2.787s] -- Installing: /home/andrew/ros2_dev_ws/src/uwrt_software_training/install/software_training_assignment/share/software_training_assignment/cmake/software_training_assignment__rosidl_typesupport_introspection_cExport.cmake
[2.787s] -- Installing: /home/andrew/ros2_dev_ws/src/uwrt_software_training/install/software_training_assignment/share/software_training_assignment/cmake/software_training_assignment__rosidl_typesupport_introspection_cExport-noconfig.cmake
[2.787s] -- Installing: /home/andrew/ros2_dev_ws/src/uwrt_software_training/install/software_training_assignment/share/software_training_assignment/cmake/software_training_assignment__rosidl_typesupport_cExport.cmake
[2.787s] -- Installing: /home/andrew/ros2_dev_ws/src/uwrt_software_training/install/software_training_assignment/share/software_training_assignment/cmake/software_training_assignment__rosidl_typesupport_cExport-noconfig.cmake
[2.787s] -- Installing: /home/andrew/ros2_dev_ws/src/uwrt_software_training/install/software_training_assignment/share/software_training_assignment/cmake/software_training_assignment__rosidl_generator_cppExport.cmake
[2.787s] -- Installing: /home/andrew/ros2_dev_ws/src/uwrt_software_training/install/software_training_assignment/share/software_training_assignment/cmake/software_training_assignment__rosidl_typesupport_introspection_cppExport.cmake
[2.787s] -- Installing: /home/andrew/ros2_dev_ws/src/uwrt_software_training/install/software_training_assignment/share/software_training_assignment/cmake/software_training_assignment__rosidl_typesupport_introspection_cppExport-noconfig.cmake
[2.787s] -- Installing: /home/andrew/ros2_dev_ws/src/uwrt_software_training/install/software_training_assignment/share/software_training_assignment/cmake/software_training_assignment__rosidl_typesupport_cppExport.cmake
[2.787s] -- Installing: /home/andrew/ros2_dev_ws/src/uwrt_software_training/install/software_training_assignment/share/software_training_assignment/cmake/software_training_assignment__rosidl_typesupport_cppExport-noconfig.cmake
[2.787s] -- Installing: /home/andrew/ros2_dev_ws/src/uwrt_software_training/install/software_training_assignment/share/software_training_assignment/cmake/rosidl_cmake-extras.cmake
[2.787s] -- Installing: /home/andrew/ros2_dev_ws/src/uwrt_software_training/install/software_training_assignment/share/software_training_assignment/cmake/ament_cmake_export_dependencies-extras.cmake
[2.787s] -- Installing: /home/andrew/ros2_dev_ws/src/uwrt_software_training/install/software_training_assignment/share/software_training_assignment/cmake/ament_cmake_export_libraries-extras.cmake
[2.787s] -- Installing: /home/andrew/ros2_dev_ws/src/uwrt_software_training/install/software_training_assignment/share/software_training_assignment/cmake/ament_cmake_export_targets-extras.cmake
[2.787s] -- Installing: /home/andrew/ros2_dev_ws/src/uwrt_software_training/install/software_training_assignment/share/software_training_assignment/cmake/ament_cmake_export_include_directories-extras.cmake
[2.788s] -- Installing: /home/andrew/ros2_dev_ws/src/uwrt_software_training/install/software_training_assignment/share/software_training_assignment/cmake/rosidl_cmake_export_typesupport_libraries-extras.cmake
[2.788s] -- Installing: /home/andrew/ros2_dev_ws/src/uwrt_software_training/install/software_training_assignment/share/software_training_assignment/cmake/rosidl_cmake_export_typesupport_targets-extras.cmake
[2.788s] -- Installing: /home/andrew/ros2_dev_ws/src/uwrt_software_training/install/software_training_assignment/share/software_training_assignment/cmake/software_training_assignmentConfig.cmake
[2.788s] -- Installing: /home/andrew/ros2_dev_ws/src/uwrt_software_training/install/software_training_assignment/share/software_training_assignment/cmake/software_training_assignmentConfig-version.cmake
[2.788s] -- Installing: /home/andrew/ros2_dev_ws/src/uwrt_software_training/install/software_training_assignment/share/software_training_assignment/package.xml
[2.789s] Invoked command in '/home/andrew/ros2_dev_ws/src/uwrt_software_training/build/software_training_assignment' returned '0': CMAKE_PREFIX_PATH=/opt/ros/foxy /usr/bin/cmake --install /home/andrew/ros2_dev_ws/src/uwrt_software_training/build/software_training_assignment
